#
# A fatal error has been detected by the Java Runtime Environment:
#
#  Internal Error (machnode.cpp:64), pid=19968, tid=16872
#  Error: ShouldNotReachHere()
#
# JRE version: Java(TM) SE Runtime Environment (19.0+36) (build 19+36-2238)
# Java VM: Java HotSpot(TM) 64-Bit Server VM (19+36-2238, mixed mode, sharing, tiered, compressed oops, compressed class ptrs, g1 gc, windows-amd64)
# No core dump will be written. Minidumps are not enabled by default on client versions of Windows
#
# If you would like to submit a bug report, please visit:
#   https://bugreport.java.com/bugreport/crash.jsp
#

---------------  S U M M A R Y ------------

Command Line: -Dfile.encoding=UTF-8 -XX:+ShowCodeDetailsInExceptionMessages com.backend.project.BackendStandarSpringBootApiRestApplication

Host: Intel(R) Core(TM) i5-8250U CPU @ 1.60GHz, 8 cores, 15G,  Windows 11 , 64 bit Build 22621 (10.0.22621.1105)
Time: Tue Feb  7 19:24:53 2023 Hora estándar romance elapsed time: 2.110419 seconds (0d 0h 0m 2s)

---------------  T H R E A D  ---------------

Current thread (0x000001e81aa2fbc0):  JavaThread "C2 CompilerThread2" daemon [_thread_in_native, id=16872, stack(0x000000cd0c100000,0x000000cd0c200000)]


Current CompileTask:
C2:   2111 2272   !   4       jdk.internal.loader.BuiltinClassLoader::loadClassOrNull (143 bytes)

Stack: [0x000000cd0c100000,0x000000cd0c200000]
Native frames: (J=compiled Java code, j=interpreted, Vv=VM code, C=native code)
V  [jvm.dll+0x6ee8fa]
V  [jvm.dll+0x857a1e]
V  [jvm.dll+0x85940e]
V  [jvm.dll+0x859a77]
V  [jvm.dll+0x28287a]
V  [jvm.dll+0x2827b3]
V  [jvm.dll+0x60be15]
V  [jvm.dll+0x70f24]
V  [jvm.dll+0x1f0720]
V  [jvm.dll+0x1ee134]
V  [jvm.dll+0x24c41b]
V  [jvm.dll+0x24b671]
V  [jvm.dll+0x1d6d61]
V  [jvm.dll+0x25b0fa]
V  [jvm.dll+0x259588]
V  [jvm.dll+0x807928]
V  [jvm.dll+0x8015fa]
V  [jvm.dll+0x6ed5eb]
C  [ucrtbase.dll+0x29363]
C  [KERNEL32.DLL+0x126bd]
C  [ntdll.dll+0x5dfb8]


---------------  P R O C E S S  ---------------

Threads class SMR info:
_java_thread_list=0x000001e81a3f9a60, length=16, elements={
0x000001e8711e5600, 0x000001e8795ee7b0, 0x000001e87f6488f0, 0x000001e87f64f640,
0x000001e87f64eb20, 0x000001e87f64fbd0, 0x000001e87f64f0b0, 0x000001e87f66a230,
0x000001e87f66cc90, 0x000001e87f674c70, 0x000001e87f650c80, 0x000001e87f650160,
0x000001e819152fb0, 0x000001e87f651210, 0x000001e87f64e000, 0x000001e81aa2fbc0
}

Java Threads: ( => current thread )
  0x000001e8711e5600 JavaThread "main" [_thread_blocked, id=19612, stack(0x000000cd0a300000,0x000000cd0a400000)]
  0x000001e8795ee7b0 JavaThread "Reference Handler" daemon [_thread_blocked, id=18472, stack(0x000000cd0aa00000,0x000000cd0ab00000)]
  0x000001e87f6488f0 JavaThread "Finalizer" daemon [_thread_blocked, id=20440, stack(0x000000cd0ab00000,0x000000cd0ac00000)]
  0x000001e87f64f640 JavaThread "Signal Dispatcher" daemon [_thread_blocked, id=12096, stack(0x000000cd0ac00000,0x000000cd0ad00000)]
  0x000001e87f64eb20 JavaThread "Attach Listener" daemon [_thread_blocked, id=9972, stack(0x000000cd0ad00000,0x000000cd0ae00000)]
  0x000001e87f64fbd0 JavaThread "Service Thread" daemon [_thread_blocked, id=20004, stack(0x000000cd0ae00000,0x000000cd0af00000)]
  0x000001e87f64f0b0 JavaThread "Monitor Deflation Thread" daemon [_thread_blocked, id=19832, stack(0x000000cd0af00000,0x000000cd0b000000)]
  0x000001e87f66a230 JavaThread "C2 CompilerThread0" daemon [_thread_blocked, id=7904, stack(0x000000cd0b000000,0x000000cd0b100000)]
  0x000001e87f66cc90 JavaThread "C1 CompilerThread0" daemon [_thread_blocked, id=7240, stack(0x000000cd0b100000,0x000000cd0b200000)]
  0x000001e87f674c70 JavaThread "Sweeper thread" daemon [_thread_blocked, id=10568, stack(0x000000cd0b200000,0x000000cd0b300000)]
  0x000001e87f650c80 JavaThread "Notification Thread" daemon [_thread_blocked, id=19824, stack(0x000000cd0b300000,0x000000cd0b400000)]
  0x000001e87f650160 JavaThread "Common-Cleaner" daemon [_thread_blocked, id=8068, stack(0x000000cd0b500000,0x000000cd0b600000)]
  0x000001e819152fb0 JavaThread "C2 CompilerThread1" daemon [_thread_blocked, id=15724, stack(0x000000cd0b600000,0x000000cd0b700000)]
  0x000001e87f651210 JavaThread "Thread-0" [_thread_blocked, id=7900, stack(0x000000cd0b700000,0x000000cd0b800000)]
  0x000001e87f64e000 JavaThread "restartedMain" [_thread_in_vm, id=12128, stack(0x000000cd0b800000,0x000000cd0b900000)]
=>0x000001e81aa2fbc0 JavaThread "C2 CompilerThread2" daemon [_thread_in_native, id=16872, stack(0x000000cd0c100000,0x000000cd0c200000)]

Other Threads:
  0x000001e8795c9f40 VMThread "VM Thread" [stack: 0x000000cd0a900000,0x000000cd0aa00000] [id=13884]
  0x000001e87f889b80 WatcherThread "VM Periodic Task Thread" [stack: 0x000000cd0b400000,0x000000cd0b500000] [id=15816]
  0x000001e8712267b0 WorkerThread "GC Thread#0" [stack: 0x000000cd0a400000,0x000000cd0a500000] [id=10656]
  0x000001e81a2e9e80 WorkerThread "GC Thread#1" [stack: 0x000000cd0b900000,0x000000cd0ba00000] [id=13828]
  0x000001e81a2ea180 WorkerThread "GC Thread#2" [stack: 0x000000cd0ba00000,0x000000cd0bb00000] [id=17320]
  0x000001e81a2ea480 WorkerThread "GC Thread#3" [stack: 0x000000cd0bb00000,0x000000cd0bc00000] [id=12612]
  0x000001e81a2ea780 WorkerThread "GC Thread#4" [stack: 0x000000cd0bc00000,0x000000cd0bd00000] [id=8632]
  0x000001e81a2eaa80 WorkerThread "GC Thread#5" [stack: 0x000000cd0bd00000,0x000000cd0be00000] [id=13212]
  0x000001e81a46ea20 WorkerThread "GC Thread#6" [stack: 0x000000cd0be00000,0x000000cd0bf00000] [id=1436]
  0x000001e81af5cd30 WorkerThread "GC Thread#7" [stack: 0x000000cd0c000000,0x000000cd0c100000] [id=8896]
  0x000001e87122c6b0 ConcurrentGCThread "G1 Main Marker" [stack: 0x000000cd0a500000,0x000000cd0a600000] [id=18532]
  0x000001e87122d9f0 WorkerThread "G1 Conc#0" [stack: 0x000000cd0a600000,0x000000cd0a700000] [id=13536]
  0x000001e8794f0420 ConcurrentGCThread "G1 Refine#0" [stack: 0x000000cd0a700000,0x000000cd0a800000] [id=20468]
  0x000001e8794f1070 ConcurrentGCThread "G1 Service" [stack: 0x000000cd0a800000,0x000000cd0a900000] [id=17592]

Threads with active compile tasks:
C2 CompilerThread2     2163 2272   !   4       jdk.internal.loader.BuiltinClassLoader::loadClassOrNull (143 bytes)

VM state: not at safepoint (normal execution)

VM Mutex/Monitor currently owned by a thread: None

Heap address: 0x0000000702600000, size: 4058 MB, Compressed Oops mode: Zero based, Oop shift amount: 3

CDS archive(s) mapped at: [0x0000000800000000-0x0000000800c40000-0x0000000800c40000), size 12845056, SharedBaseAddress: 0x0000000800000000, ArchiveRelocationMode: 0.
Compressed class space mapped at: 0x0000000801000000-0x0000000841000000, reserved size: 1073741824
Narrow klass base: 0x0000000800000000, Narrow klass shift: 0, Narrow klass range: 0x100000000

GC Precious Log:
 CardTable entry size: 512
 Card Set container configuration: InlinePtr #cards 4 size 8 Array Of Cards #cards 8 size 32 Howl #buckets 8 coarsen threshold 3686 Howl Bitmap #cards 512 size 80 coarsen threshold 460 Card regions per heap region 1 cards per card region 4096
 CPUs: 8 total, 8 available
 Memory: 16227M
 Large Page Support: Disabled
 NUMA Support: Disabled
 Compressed Oops: Enabled (Zero based)
 Heap Region Size: 2M
 Heap Min Capacity: 8M
 Heap Initial Capacity: 254M
 Heap Max Capacity: 4058M
 Pre-touch: Disabled
 Parallel Workers: 8
 Concurrent Workers: 2
 Concurrent Refinement Workers: 8
 Periodic GC: Disabled

Heap:
 garbage-first heap   total 260096K, used 51696K [0x0000000702600000, 0x0000000800000000)
  region size 2048K, 24 young (49152K), 1 survivors (2048K)
 Metaspace       used 20004K, committed 20288K, reserved 1114112K
  class space    used 2443K, committed 2560K, reserved 1048576K

Heap Regions: E=young(eden), S=young(survivor), O=old, HS=humongous(starts), HC=humongous(continues), CS=collection set, F=free, OA=open archive, CA=closed archive, TAMS=top-at-mark-start (previous, next)
|   0|0x0000000702600000, 0x0000000702800000, 0x0000000702800000|100%| O|  |TAMS 0x0000000702600000, 0x0000000702600000| Untracked 
|   1|0x0000000702800000, 0x0000000702a00000, 0x0000000702a00000|100%| O|  |TAMS 0x0000000702800000, 0x0000000702800000| Untracked 
|   2|0x0000000702a00000, 0x0000000702c00000, 0x0000000702c00000|100%| O|  |TAMS 0x0000000702a00000, 0x0000000702a00000| Untracked 
|   3|0x0000000702c00000, 0x0000000702cc1200, 0x0000000702e00000| 37%| O|  |TAMS 0x0000000702c00000, 0x0000000702c00000| Untracked 
|   4|0x0000000702e00000, 0x0000000702e00000, 0x0000000703000000|  0%| F|  |TAMS 0x0000000702e00000, 0x0000000702e00000| Untracked 
|   5|0x0000000703000000, 0x0000000703000000, 0x0000000703200000|  0%| F|  |TAMS 0x0000000703000000, 0x0000000703000000| Untracked 
|   6|0x0000000703200000, 0x0000000703200000, 0x0000000703400000|  0%| F|  |TAMS 0x0000000703200000, 0x0000000703200000| Untracked 
|   7|0x0000000703400000, 0x0000000703400000, 0x0000000703600000|  0%| F|  |TAMS 0x0000000703400000, 0x0000000703400000| Untracked 
|   8|0x0000000703600000, 0x0000000703600000, 0x0000000703800000|  0%| F|  |TAMS 0x0000000703600000, 0x0000000703600000| Untracked 
|   9|0x0000000703800000, 0x0000000703800000, 0x0000000703a00000|  0%| F|  |TAMS 0x0000000703800000, 0x0000000703800000| Untracked 
|  10|0x0000000703a00000, 0x0000000703a00000, 0x0000000703c00000|  0%| F|  |TAMS 0x0000000703a00000, 0x0000000703a00000| Untracked 
|  11|0x0000000703c00000, 0x0000000703c00000, 0x0000000703e00000|  0%| F|  |TAMS 0x0000000703c00000, 0x0000000703c00000| Untracked 
|  12|0x0000000703e00000, 0x0000000703e00000, 0x0000000704000000|  0%| F|  |TAMS 0x0000000703e00000, 0x0000000703e00000| Untracked 
|  13|0x0000000704000000, 0x0000000704000000, 0x0000000704200000|  0%| F|  |TAMS 0x0000000704000000, 0x0000000704000000| Untracked 
|  14|0x0000000704200000, 0x0000000704200000, 0x0000000704400000|  0%| F|  |TAMS 0x0000000704200000, 0x0000000704200000| Untracked 
|  15|0x0000000704400000, 0x0000000704400000, 0x0000000704600000|  0%| F|  |TAMS 0x0000000704400000, 0x0000000704400000| Untracked 
|  16|0x0000000704600000, 0x0000000704600000, 0x0000000704800000|  0%| F|  |TAMS 0x0000000704600000, 0x0000000704600000| Untracked 
|  17|0x0000000704800000, 0x0000000704800000, 0x0000000704a00000|  0%| F|  |TAMS 0x0000000704800000, 0x0000000704800000| Untracked 
|  18|0x0000000704a00000, 0x0000000704a00000, 0x0000000704c00000|  0%| F|  |TAMS 0x0000000704a00000, 0x0000000704a00000| Untracked 
|  19|0x0000000704c00000, 0x0000000704c00000, 0x0000000704e00000|  0%| F|  |TAMS 0x0000000704c00000, 0x0000000704c00000| Untracked 
|  20|0x0000000704e00000, 0x0000000704e00000, 0x0000000705000000|  0%| F|  |TAMS 0x0000000704e00000, 0x0000000704e00000| Untracked 
|  21|0x0000000705000000, 0x0000000705000000, 0x0000000705200000|  0%| F|  |TAMS 0x0000000705000000, 0x0000000705000000| Untracked 
|  22|0x0000000705200000, 0x0000000705200000, 0x0000000705400000|  0%| F|  |TAMS 0x0000000705200000, 0x0000000705200000| Untracked 
|  23|0x0000000705400000, 0x0000000705400000, 0x0000000705600000|  0%| F|  |TAMS 0x0000000705400000, 0x0000000705400000| Untracked 
|  24|0x0000000705600000, 0x0000000705600000, 0x0000000705800000|  0%| F|  |TAMS 0x0000000705600000, 0x0000000705600000| Untracked 
|  25|0x0000000705800000, 0x0000000705800000, 0x0000000705a00000|  0%| F|  |TAMS 0x0000000705800000, 0x0000000705800000| Untracked 
|  26|0x0000000705a00000, 0x0000000705a00000, 0x0000000705c00000|  0%| F|  |TAMS 0x0000000705a00000, 0x0000000705a00000| Untracked 
|  27|0x0000000705c00000, 0x0000000705c00000, 0x0000000705e00000|  0%| F|  |TAMS 0x0000000705c00000, 0x0000000705c00000| Untracked 
|  28|0x0000000705e00000, 0x0000000705e00000, 0x0000000706000000|  0%| F|  |TAMS 0x0000000705e00000, 0x0000000705e00000| Untracked 
|  29|0x0000000706000000, 0x0000000706000000, 0x0000000706200000|  0%| F|  |TAMS 0x0000000706000000, 0x0000000706000000| Untracked 
|  30|0x0000000706200000, 0x0000000706200000, 0x0000000706400000|  0%| F|  |TAMS 0x0000000706200000, 0x0000000706200000| Untracked 
|  31|0x0000000706400000, 0x0000000706400000, 0x0000000706600000|  0%| F|  |TAMS 0x0000000706400000, 0x0000000706400000| Untracked 
|  32|0x0000000706600000, 0x0000000706600000, 0x0000000706800000|  0%| F|  |TAMS 0x0000000706600000, 0x0000000706600000| Untracked 
|  33|0x0000000706800000, 0x0000000706800000, 0x0000000706a00000|  0%| F|  |TAMS 0x0000000706800000, 0x0000000706800000| Untracked 
|  34|0x0000000706a00000, 0x0000000706a00000, 0x0000000706c00000|  0%| F|  |TAMS 0x0000000706a00000, 0x0000000706a00000| Untracked 
|  35|0x0000000706c00000, 0x0000000706c00000, 0x0000000706e00000|  0%| F|  |TAMS 0x0000000706c00000, 0x0000000706c00000| Untracked 
|  36|0x0000000706e00000, 0x0000000706e00000, 0x0000000707000000|  0%| F|  |TAMS 0x0000000706e00000, 0x0000000706e00000| Untracked 
|  37|0x0000000707000000, 0x0000000707000000, 0x0000000707200000|  0%| F|  |TAMS 0x0000000707000000, 0x0000000707000000| Untracked 
|  38|0x0000000707200000, 0x0000000707200000, 0x0000000707400000|  0%| F|  |TAMS 0x0000000707200000, 0x0000000707200000| Untracked 
|  39|0x0000000707400000, 0x0000000707400000, 0x0000000707600000|  0%| F|  |TAMS 0x0000000707400000, 0x0000000707400000| Untracked 
|  40|0x0000000707600000, 0x0000000707600000, 0x0000000707800000|  0%| F|  |TAMS 0x0000000707600000, 0x0000000707600000| Untracked 
|  41|0x0000000707800000, 0x0000000707800000, 0x0000000707a00000|  0%| F|  |TAMS 0x0000000707800000, 0x0000000707800000| Untracked 
|  42|0x0000000707a00000, 0x0000000707a00000, 0x0000000707c00000|  0%| F|  |TAMS 0x0000000707a00000, 0x0000000707a00000| Untracked 
|  43|0x0000000707c00000, 0x0000000707c00000, 0x0000000707e00000|  0%| F|  |TAMS 0x0000000707c00000, 0x0000000707c00000| Untracked 
|  44|0x0000000707e00000, 0x0000000707e00000, 0x0000000708000000|  0%| F|  |TAMS 0x0000000707e00000, 0x0000000707e00000| Untracked 
|  45|0x0000000708000000, 0x0000000708000000, 0x0000000708200000|  0%| F|  |TAMS 0x0000000708000000, 0x0000000708000000| Untracked 
|  46|0x0000000708200000, 0x0000000708200000, 0x0000000708400000|  0%| F|  |TAMS 0x0000000708200000, 0x0000000708200000| Untracked 
|  47|0x0000000708400000, 0x0000000708400000, 0x0000000708600000|  0%| F|  |TAMS 0x0000000708400000, 0x0000000708400000| Untracked 
|  48|0x0000000708600000, 0x0000000708600000, 0x0000000708800000|  0%| F|  |TAMS 0x0000000708600000, 0x0000000708600000| Untracked 
|  49|0x0000000708800000, 0x0000000708800000, 0x0000000708a00000|  0%| F|  |TAMS 0x0000000708800000, 0x0000000708800000| Untracked 
|  50|0x0000000708a00000, 0x0000000708a00000, 0x0000000708c00000|  0%| F|  |TAMS 0x0000000708a00000, 0x0000000708a00000| Untracked 
|  51|0x0000000708c00000, 0x0000000708c00000, 0x0000000708e00000|  0%| F|  |TAMS 0x0000000708c00000, 0x0000000708c00000| Untracked 
|  52|0x0000000708e00000, 0x0000000708e00000, 0x0000000709000000|  0%| F|  |TAMS 0x0000000708e00000, 0x0000000708e00000| Untracked 
|  53|0x0000000709000000, 0x0000000709000000, 0x0000000709200000|  0%| F|  |TAMS 0x0000000709000000, 0x0000000709000000| Untracked 
|  54|0x0000000709200000, 0x0000000709200000, 0x0000000709400000|  0%| F|  |TAMS 0x0000000709200000, 0x0000000709200000| Untracked 
|  55|0x0000000709400000, 0x0000000709400000, 0x0000000709600000|  0%| F|  |TAMS 0x0000000709400000, 0x0000000709400000| Untracked 
|  56|0x0000000709600000, 0x0000000709600000, 0x0000000709800000|  0%| F|  |TAMS 0x0000000709600000, 0x0000000709600000| Untracked 
|  57|0x0000000709800000, 0x0000000709800000, 0x0000000709a00000|  0%| F|  |TAMS 0x0000000709800000, 0x0000000709800000| Untracked 
|  58|0x0000000709a00000, 0x0000000709a00000, 0x0000000709c00000|  0%| F|  |TAMS 0x0000000709a00000, 0x0000000709a00000| Untracked 
|  59|0x0000000709c00000, 0x0000000709c00000, 0x0000000709e00000|  0%| F|  |TAMS 0x0000000709c00000, 0x0000000709c00000| Untracked 
|  60|0x0000000709e00000, 0x0000000709e00000, 0x000000070a000000|  0%| F|  |TAMS 0x0000000709e00000, 0x0000000709e00000| Untracked 
|  61|0x000000070a000000, 0x000000070a000000, 0x000000070a200000|  0%| F|  |TAMS 0x000000070a000000, 0x000000070a000000| Untracked 
|  62|0x000000070a200000, 0x000000070a200000, 0x000000070a400000|  0%| F|  |TAMS 0x000000070a200000, 0x000000070a200000| Untracked 
|  63|0x000000070a400000, 0x000000070a400000, 0x000000070a600000|  0%| F|  |TAMS 0x000000070a400000, 0x000000070a400000| Untracked 
|  64|0x000000070a600000, 0x000000070a600000, 0x000000070a800000|  0%| F|  |TAMS 0x000000070a600000, 0x000000070a600000| Untracked 
|  65|0x000000070a800000, 0x000000070a800000, 0x000000070aa00000|  0%| F|  |TAMS 0x000000070a800000, 0x000000070a800000| Untracked 
|  66|0x000000070aa00000, 0x000000070aa00000, 0x000000070ac00000|  0%| F|  |TAMS 0x000000070aa00000, 0x000000070aa00000| Untracked 
|  67|0x000000070ac00000, 0x000000070ac00000, 0x000000070ae00000|  0%| F|  |TAMS 0x000000070ac00000, 0x000000070ac00000| Untracked 
|  68|0x000000070ae00000, 0x000000070ae00000, 0x000000070b000000|  0%| F|  |TAMS 0x000000070ae00000, 0x000000070ae00000| Untracked 
|  69|0x000000070b000000, 0x000000070b000000, 0x000000070b200000|  0%| F|  |TAMS 0x000000070b000000, 0x000000070b000000| Untracked 
|  70|0x000000070b200000, 0x000000070b200000, 0x000000070b400000|  0%| F|  |TAMS 0x000000070b200000, 0x000000070b200000| Untracked 
|  71|0x000000070b400000, 0x000000070b400000, 0x000000070b600000|  0%| F|  |TAMS 0x000000070b400000, 0x000000070b400000| Untracked 
|  72|0x000000070b600000, 0x000000070b600000, 0x000000070b800000|  0%| F|  |TAMS 0x000000070b600000, 0x000000070b600000| Untracked 
|  73|0x000000070b800000, 0x000000070b800000, 0x000000070ba00000|  0%| F|  |TAMS 0x000000070b800000, 0x000000070b800000| Untracked 
|  74|0x000000070ba00000, 0x000000070ba00000, 0x000000070bc00000|  0%| F|  |TAMS 0x000000070ba00000, 0x000000070ba00000| Untracked 
|  75|0x000000070bc00000, 0x000000070bc00000, 0x000000070be00000|  0%| F|  |TAMS 0x000000070bc00000, 0x000000070bc00000| Untracked 
|  76|0x000000070be00000, 0x000000070be00000, 0x000000070c000000|  0%| F|  |TAMS 0x000000070be00000, 0x000000070be00000| Untracked 
|  77|0x000000070c000000, 0x000000070c000000, 0x000000070c200000|  0%| F|  |TAMS 0x000000070c000000, 0x000000070c000000| Untracked 
|  78|0x000000070c200000, 0x000000070c200000, 0x000000070c400000|  0%| F|  |TAMS 0x000000070c200000, 0x000000070c200000| Untracked 
|  79|0x000000070c400000, 0x000000070c400000, 0x000000070c600000|  0%| F|  |TAMS 0x000000070c400000, 0x000000070c400000| Untracked 
|  80|0x000000070c600000, 0x000000070c600000, 0x000000070c800000|  0%| F|  |TAMS 0x000000070c600000, 0x000000070c600000| Untracked 
|  81|0x000000070c800000, 0x000000070c800000, 0x000000070ca00000|  0%| F|  |TAMS 0x000000070c800000, 0x000000070c800000| Untracked 
|  82|0x000000070ca00000, 0x000000070ca00000, 0x000000070cc00000|  0%| F|  |TAMS 0x000000070ca00000, 0x000000070ca00000| Untracked 
|  83|0x000000070cc00000, 0x000000070cc00000, 0x000000070ce00000|  0%| F|  |TAMS 0x000000070cc00000, 0x000000070cc00000| Untracked 
|  84|0x000000070ce00000, 0x000000070ce00000, 0x000000070d000000|  0%| F|  |TAMS 0x000000070ce00000, 0x000000070ce00000| Untracked 
|  85|0x000000070d000000, 0x000000070d000000, 0x000000070d200000|  0%| F|  |TAMS 0x000000070d000000, 0x000000070d000000| Untracked 
|  86|0x000000070d200000, 0x000000070d200000, 0x000000070d400000|  0%| F|  |TAMS 0x000000070d200000, 0x000000070d200000| Untracked 
|  87|0x000000070d400000, 0x000000070d400000, 0x000000070d600000|  0%| F|  |TAMS 0x000000070d400000, 0x000000070d400000| Untracked 
|  88|0x000000070d600000, 0x000000070d600000, 0x000000070d800000|  0%| F|  |TAMS 0x000000070d600000, 0x000000070d600000| Untracked 
|  89|0x000000070d800000, 0x000000070d800000, 0x000000070da00000|  0%| F|  |TAMS 0x000000070d800000, 0x000000070d800000| Untracked 
|  90|0x000000070da00000, 0x000000070da00000, 0x000000070dc00000|  0%| F|  |TAMS 0x000000070da00000, 0x000000070da00000| Untracked 
|  91|0x000000070dc00000, 0x000000070dc00000, 0x000000070de00000|  0%| F|  |TAMS 0x000000070dc00000, 0x000000070dc00000| Untracked 
|  92|0x000000070de00000, 0x000000070de00000, 0x000000070e000000|  0%| F|  |TAMS 0x000000070de00000, 0x000000070de00000| Untracked 
|  93|0x000000070e000000, 0x000000070e000000, 0x000000070e200000|  0%| F|  |TAMS 0x000000070e000000, 0x000000070e000000| Untracked 
|  94|0x000000070e200000, 0x000000070e200000, 0x000000070e400000|  0%| F|  |TAMS 0x000000070e200000, 0x000000070e200000| Untracked 
|  95|0x000000070e400000, 0x000000070e400000, 0x000000070e600000|  0%| F|  |TAMS 0x000000070e400000, 0x000000070e400000| Untracked 
|  96|0x000000070e600000, 0x000000070e600000, 0x000000070e800000|  0%| F|  |TAMS 0x000000070e600000, 0x000000070e600000| Untracked 
|  97|0x000000070e800000, 0x000000070e800000, 0x000000070ea00000|  0%| F|  |TAMS 0x000000070e800000, 0x000000070e800000| Untracked 
|  98|0x000000070ea00000, 0x000000070ea00000, 0x000000070ec00000|  0%| F|  |TAMS 0x000000070ea00000, 0x000000070ea00000| Untracked 
|  99|0x000000070ec00000, 0x000000070ec00000, 0x000000070ee00000|  0%| F|  |TAMS 0x000000070ec00000, 0x000000070ec00000| Untracked 
| 100|0x000000070ee00000, 0x000000070ee00000, 0x000000070f000000|  0%| F|  |TAMS 0x000000070ee00000, 0x000000070ee00000| Untracked 
| 101|0x000000070f000000, 0x000000070f000000, 0x000000070f200000|  0%| F|  |TAMS 0x000000070f000000, 0x000000070f000000| Untracked 
| 102|0x000000070f200000, 0x000000070f200000, 0x000000070f400000|  0%| F|  |TAMS 0x000000070f200000, 0x000000070f200000| Untracked 
| 103|0x000000070f400000, 0x000000070f4966f8, 0x000000070f600000| 29%| E|  |TAMS 0x000000070f400000, 0x000000070f400000| Complete 
| 104|0x000000070f600000, 0x000000070f800000, 0x000000070f800000|100%| E|CS|TAMS 0x000000070f600000, 0x000000070f600000| Complete 
| 105|0x000000070f800000, 0x000000070fa00000, 0x000000070fa00000|100%| E|CS|TAMS 0x000000070f800000, 0x000000070f800000| Complete 
| 106|0x000000070fa00000, 0x000000070fc00000, 0x000000070fc00000|100%| E|CS|TAMS 0x000000070fa00000, 0x000000070fa00000| Complete 
| 107|0x000000070fc00000, 0x000000070fe00000, 0x000000070fe00000|100%| E|CS|TAMS 0x000000070fc00000, 0x000000070fc00000| Complete 
| 108|0x000000070fe00000, 0x0000000710000000, 0x0000000710000000|100%| E|CS|TAMS 0x000000070fe00000, 0x000000070fe00000| Complete 
| 109|0x0000000710000000, 0x0000000710200000, 0x0000000710200000|100%| E|  |TAMS 0x0000000710000000, 0x0000000710000000| Complete 
| 110|0x0000000710200000, 0x0000000710400000, 0x0000000710400000|100%| E|CS|TAMS 0x0000000710200000, 0x0000000710200000| Complete 
| 111|0x0000000710400000, 0x0000000710600000, 0x0000000710600000|100%| E|CS|TAMS 0x0000000710400000, 0x0000000710400000| Complete 
| 112|0x0000000710600000, 0x0000000710800000, 0x0000000710800000|100%| E|CS|TAMS 0x0000000710600000, 0x0000000710600000| Complete 
| 113|0x0000000710800000, 0x00000007109bb170, 0x0000000710a00000| 86%| S|CS|TAMS 0x0000000710800000, 0x0000000710800000| Complete 
| 114|0x0000000710a00000, 0x0000000710c00000, 0x0000000710c00000|100%| E|CS|TAMS 0x0000000710a00000, 0x0000000710a00000| Complete 
| 115|0x0000000710c00000, 0x0000000710e00000, 0x0000000710e00000|100%| E|CS|TAMS 0x0000000710c00000, 0x0000000710c00000| Complete 
| 116|0x0000000710e00000, 0x0000000711000000, 0x0000000711000000|100%| E|CS|TAMS 0x0000000710e00000, 0x0000000710e00000| Complete 
| 117|0x0000000711000000, 0x0000000711200000, 0x0000000711200000|100%| E|CS|TAMS 0x0000000711000000, 0x0000000711000000| Complete 
| 118|0x0000000711200000, 0x0000000711400000, 0x0000000711400000|100%| E|CS|TAMS 0x0000000711200000, 0x0000000711200000| Complete 
| 119|0x0000000711400000, 0x0000000711600000, 0x0000000711600000|100%| E|CS|TAMS 0x0000000711400000, 0x0000000711400000| Complete 
| 120|0x0000000711600000, 0x0000000711800000, 0x0000000711800000|100%| E|CS|TAMS 0x0000000711600000, 0x0000000711600000| Complete 
| 121|0x0000000711800000, 0x0000000711a00000, 0x0000000711a00000|100%| E|CS|TAMS 0x0000000711800000, 0x0000000711800000| Complete 
| 122|0x0000000711a00000, 0x0000000711c00000, 0x0000000711c00000|100%| E|CS|TAMS 0x0000000711a00000, 0x0000000711a00000| Complete 
| 123|0x0000000711c00000, 0x0000000711e00000, 0x0000000711e00000|100%| E|CS|TAMS 0x0000000711c00000, 0x0000000711c00000| Complete 
| 124|0x0000000711e00000, 0x0000000712000000, 0x0000000712000000|100%| E|CS|TAMS 0x0000000711e00000, 0x0000000711e00000| Complete 
| 125|0x0000000712000000, 0x0000000712200000, 0x0000000712200000|100%| E|CS|TAMS 0x0000000712000000, 0x0000000712000000| Complete 
| 126|0x0000000712200000, 0x0000000712400000, 0x0000000712400000|100%| E|CS|TAMS 0x0000000712200000, 0x0000000712200000| Complete 

Card table byte_map: [0x000001e879de0000,0x000001e87a5d0000] _byte_map_base: 0x000001e8765cd000

Marking Bits (Prev, Next): (CMBitMap*) 0x000001e871227d90, (CMBitMap*) 0x000001e871227dd0
 Prev Bits: [0x000001e87adc0000, 0x000001e87ed28000)
 Next Bits: [0x000001e80f000000, 0x000001e812f68000)

Polling page: 0x000001e86ede0000

Metaspace:

Usage:
  Non-class:     17.19 MB used.
      Class:      2.39 MB used.
       Both:     19.57 MB used.

Virtual space:
  Non-class space:       64.00 MB reserved,      17.31 MB ( 27%) committed,  1 nodes.
      Class space:        1.00 GB reserved,       2.50 MB ( <1%) committed,  1 nodes.
             Both:        1.06 GB reserved,      19.81 MB (  2%) committed. 

Chunk freelists:
   Non-Class:  2.06 MB
       Class:  1.45 MB
        Both:  3.52 MB

MaxMetaspaceSize: unlimited
CompressedClassSpaceSize: 1.00 GB
Initial GC threshold: 21.00 MB
Current GC threshold: 21.00 MB
CDS: on
MetaspaceReclaimPolicy: balanced
 - commit_granule_bytes: 65536.
 - commit_granule_words: 8192.
 - virtual_space_node_default_size: 8388608.
 - enlarge_chunks_in_place: 1.
 - new_chunks_are_fully_committed: 0.
 - uncommit_free_chunks: 1.
 - use_allocation_guard: 0.


Internal statistics:

num_allocs_failed_limit: 0.
num_arena_births: 218.
num_arena_deaths: 0.
num_vsnodes_births: 2.
num_vsnodes_deaths: 0.
num_space_committed: 317.
num_space_uncommitted: 0.
num_chunks_returned_to_freelist: 0.
num_chunks_taken_from_freelist: 859.
num_chunk_merges: 0.
num_chunk_splits: 625.
num_chunks_enlarged: 524.
num_inconsistent_stats: 0.

CodeHeap 'non-profiled nmethods': size=120000Kb used=1035Kb max_used=1035Kb free=118964Kb
 bounds [0x000001e807ad0000, 0x000001e807d40000, 0x000001e80f000000]
CodeHeap 'profiled nmethods': size=120000Kb used=5020Kb max_used=5020Kb free=114979Kb
 bounds [0x000001e800000000, 0x000001e8004f0000, 0x000001e807530000]
CodeHeap 'non-nmethods': size=5760Kb used=1277Kb max_used=1319Kb free=4482Kb
 bounds [0x000001e807530000, 0x000001e8077a0000, 0x000001e807ad0000]
 total_blobs=3039 nmethods=2547 adapters=402
 compilation: enabled
              stopped_count=0, restarted_count=0
 full_count=0

Compilation events (20 events):
Event: 2.094 Thread 0x000001e87f66cc90 nmethod 2456 0x000001e800495890 code [0x000001e800495ac0, 0x000001e8004961c8]
Event: 2.094 Thread 0x000001e87f66cc90 2457       3       java.net.URLConnection::getDefaultUseCaches (30 bytes)
Event: 2.095 Thread 0x000001e87f66cc90 nmethod 2457 0x000001e800496410 code [0x000001e800496600, 0x000001e800496ae8]
Event: 2.095 Thread 0x000001e87f66cc90 2458       3       org.springframework.core.type.classreading.MergedAnnotationReadingVisitor$ArrayVisitor::visit (27 bytes)
Event: 2.095 Thread 0x000001e87f66a230 nmethod 2447 0x000001e807bc7090 code [0x000001e807bc7220, 0x000001e807bc7658]
Event: 2.095 Thread 0x000001e87f66cc90 nmethod 2458 0x000001e800496c90 code [0x000001e800496e60, 0x000001e8004972b8]
Event: 2.095 Thread 0x000001e87f66cc90 2459       3       org.springframework.core.annotation.TypeMappedAnnotation::getValue (151 bytes)
Event: 2.096 Thread 0x000001e87f66cc90 nmethod 2459 0x000001e800497410 code [0x000001e800497640, 0x000001e800497dc8]
Event: 2.096 Thread 0x000001e87f66cc90 2460       1       org.springframework.boot.autoconfigure.condition.ConditionOutcome::isMatch (5 bytes)
Event: 2.096 Thread 0x000001e87f66cc90 nmethod 2460 0x000001e807bc7790 code [0x000001e807bc7920, 0x000001e807bc79f8]
Event: 2.096 Thread 0x000001e819152fb0 nmethod 2405 0x000001e807bc7a90 code [0x000001e807bc7d00, 0x000001e807bc9410]
Event: 2.096 Thread 0x000001e87f66cc90 2461       3       java.net.URLConnection::setUseCaches (10 bytes)
Event: 2.096 Thread 0x000001e87f66cc90 nmethod 2461 0x000001e800498190 code [0x000001e800498340, 0x000001e8004985c8]
Event: 2.097 Thread 0x000001e87f66cc90 2462       3       java.net.URLConnection::checkConnected (19 bytes)
Event: 2.097 Thread 0x000001e87f66cc90 nmethod 2462 0x000001e800498710 code [0x000001e8004988c0, 0x000001e800498ac8]
Event: 2.098 Thread 0x000001e87f66cc90 2463       3       org.springframework.asm.ClassReader::accept (1401 bytes)
Event: 2.100 Thread 0x000001e87f66a230 2469       4       org.springframework.util.ConcurrentReferenceHashMap::get (37 bytes)
Event: 2.100 Thread 0x000001e819152fb0 2470       4       org.springframework.util.ConcurrentReferenceHashMap::getReference (18 bytes)
Event: 2.107 Thread 0x000001e87f66cc90 nmethod 2463 0x000001e800498b90 code [0x000001e800499820, 0x000001e8004a19c8]
Event: 2.107 Thread 0x000001e87f66cc90 2473       3       org.springframework.util.StringUtils::hasText (24 bytes)

GC Heap History (4 events):
Event: 0.833 GC heap before
{Heap before GC invocations=0 (full 0):
 garbage-first heap   total 260096K, used 22528K [0x0000000702600000, 0x0000000800000000)
  region size 2048K, 11 young (22528K), 0 survivors (0K)
 Metaspace       used 5002K, committed 5184K, reserved 1114112K
  class space    used 537K, committed 576K, reserved 1048576K
}
Event: 0.839 GC heap after
{Heap after GC invocations=1 (full 0):
 garbage-first heap   total 260096K, used 7269K [0x0000000702600000, 0x0000000800000000)
  region size 2048K, 2 young (4096K), 2 survivors (4096K)
 Metaspace       used 5002K, committed 5184K, reserved 1114112K
  class space    used 537K, committed 576K, reserved 1048576K
}
Event: 1.406 GC heap before
{Heap before GC invocations=1 (full 0):
 garbage-first heap   total 260096K, used 27749K [0x0000000702600000, 0x0000000800000000)
  region size 2048K, 13 young (26624K), 2 survivors (4096K)
 Metaspace       used 10816K, committed 11072K, reserved 1114112K
  class space    used 1322K, committed 1472K, reserved 1048576K
}
Event: 1.412 GC heap after
{Heap after GC invocations=2 (full 0):
 garbage-first heap   total 260096K, used 8688K [0x0000000702600000, 0x0000000800000000)
  region size 2048K, 1 young (2048K), 1 survivors (2048K)
 Metaspace       used 10816K, committed 11072K, reserved 1114112K
  class space    used 1322K, committed 1472K, reserved 1048576K
}

Dll operation events (9 events):
Event: 0.017 Loaded shared library C:\Program Files\Java\jdk-19\bin\java.dll
Event: 0.030 Loaded shared library C:\Program Files\Java\jdk-19\bin\jsvml.dll
Event: 0.238 Loaded shared library C:\Program Files\Java\jdk-19\bin\net.dll
Event: 0.243 Loaded shared library C:\Program Files\Java\jdk-19\bin\nio.dll
Event: 0.248 Loaded shared library C:\Program Files\Java\jdk-19\bin\zip.dll
Event: 0.320 Loaded shared library C:\Program Files\Java\jdk-19\bin\jimage.dll
Event: 0.349 Loaded shared library C:\Program Files\Java\jdk-19\bin\verify.dll
Event: 0.697 Loaded shared library C:\Program Files\Java\jdk-19\bin\management.dll
Event: 0.701 Loaded shared library C:\Program Files\Java\jdk-19\bin\management_ext.dll

Deoptimization events (20 events):
Event: 1.975 Thread 0x000001e87f64e000 Uncommon trap: trap_request=0xffffffc6 fr.pc=0x000001e807b90704 relative=0x0000000000000964
Event: 1.975 Thread 0x000001e87f64e000 Uncommon trap: reason=bimorphic_or_optimized_type_check action=maybe_recompile pc=0x000001e807b90704 method=java.util.HashMap.putVal(ILjava/lang/Object;Ljava/lang/Object;ZZ)Ljava/lang/Object; @ 203 c2
Event: 1.975 Thread 0x000001e87f64e000 DEOPT PACKING pc=0x000001e807b90704 sp=0x000000cd0b8fe3a0
Event: 1.975 Thread 0x000001e87f64e000 DEOPT UNPACKING pc=0x000001e807596da3 sp=0x000000cd0b8fe2b0 mode 2
Event: 1.975 Thread 0x000001e87f64e000 Uncommon trap: trap_request=0xffffffc6 fr.pc=0x000001e807b90704 relative=0x0000000000000964
Event: 1.975 Thread 0x000001e87f64e000 Uncommon trap: reason=bimorphic_or_optimized_type_check action=maybe_recompile pc=0x000001e807b90704 method=java.util.HashMap.putVal(ILjava/lang/Object;Ljava/lang/Object;ZZ)Ljava/lang/Object; @ 203 c2
Event: 1.975 Thread 0x000001e87f64e000 DEOPT PACKING pc=0x000001e807b90704 sp=0x000000cd0b8fe3a0
Event: 1.975 Thread 0x000001e87f64e000 DEOPT UNPACKING pc=0x000001e807596da3 sp=0x000000cd0b8fe2b0 mode 2
Event: 2.025 Thread 0x000001e87f64e000 Uncommon trap: trap_request=0xffffff45 fr.pc=0x000001e807b4e0f0 relative=0x0000000000000af0
Event: 2.025 Thread 0x000001e87f64e000 Uncommon trap: reason=unstable_if action=reinterpret pc=0x000001e807b4e0f0 method=jdk.internal.org.objectweb.asm.SymbolTable.put(Ljdk/internal/org/objectweb/asm/SymbolTable$Entry;)Ljdk/internal/org/objectweb/asm/SymbolTable$Entry; @ 13 c2
Event: 2.025 Thread 0x000001e87f64e000 DEOPT PACKING pc=0x000001e807b4e0f0 sp=0x000000cd0b8fc6a0
Event: 2.025 Thread 0x000001e87f64e000 DEOPT UNPACKING pc=0x000001e807596da3 sp=0x000000cd0b8fc5d8 mode 2
Event: 2.069 Thread 0x000001e87f64e000 Uncommon trap: trap_request=0xffffffc6 fr.pc=0x000001e807b7c0b4 relative=0x0000000000000374
Event: 2.069 Thread 0x000001e87f64e000 Uncommon trap: reason=bimorphic_or_optimized_type_check action=maybe_recompile pc=0x000001e807b7c0b4 method=java.util.HashMap.getNode(Ljava/lang/Object;)Ljava/util/HashMap$Node; @ 128 c2
Event: 2.069 Thread 0x000001e87f64e000 DEOPT PACKING pc=0x000001e807b7c0b4 sp=0x000000cd0b8fe1e0
Event: 2.069 Thread 0x000001e87f64e000 DEOPT UNPACKING pc=0x000001e807596da3 sp=0x000000cd0b8fe0f8 mode 2
Event: 2.103 Thread 0x000001e87f64e000 Uncommon trap: trap_request=0xffffff45 fr.pc=0x000001e807b611f4 relative=0x0000000000001f74
Event: 2.103 Thread 0x000001e87f64e000 Uncommon trap: reason=unstable_if action=reinterpret pc=0x000001e807b611f4 method=org.springframework.boot.context.properties.source.ConfigurationPropertyName$ElementsParser.add(IILorg/springframework/boot/context/properties/source/ConfigurationPropertyNa
Event: 2.103 Thread 0x000001e87f64e000 DEOPT PACKING pc=0x000001e807b611f4 sp=0x000000cd0b8fdba0
Event: 2.103 Thread 0x000001e87f64e000 DEOPT UNPACKING pc=0x000001e807596da3 sp=0x000000cd0b8fdac8 mode 2

Classes loaded (20 events):
Event: 1.662 Loading class jdk/xml/internal/XMLSecurityManager$NameMap
Event: 1.662 Loading class jdk/xml/internal/XMLSecurityManager$NameMap done
Event: 1.662 Loading class jdk/xml/internal/JdkProperty
Event: 1.662 Loading class jdk/xml/internal/JdkProperty done
Event: 1.735 Loading class java/beans/ConstructorProperties
Event: 1.735 Loading class java/beans/ConstructorProperties done
Event: 1.751 Loading class sun/text/resources/cldr/FormatData_en
Event: 1.751 Loading class sun/text/resources/cldr/FormatData_en done
Event: 1.752 Loading class sun/text/resources/cldr/FormatData_en_US
Event: 1.752 Loading class sun/text/resources/cldr/FormatData_en_US done
Event: 1.778 Loading class java/io/CharArrayReader
Event: 1.778 Loading class java/io/CharArrayReader done
Event: 1.784 Loading class java/util/concurrent/atomic/AtomicReference
Event: 1.784 Loading class java/util/concurrent/atomic/AtomicReference done
Event: 1.868 Loading class javax/naming/ldap/LdapContext
Event: 1.868 Loading class javax/naming/directory/DirContext
Event: 1.868 Loading class javax/naming/directory/DirContext done
Event: 1.868 Loading class javax/naming/ldap/LdapContext done
Event: 1.949 Loading class java/util/regex/Pattern$Pos
Event: 1.949 Loading class java/util/regex/Pattern$Pos done

Classes unloaded (0 events):
No events

Classes redefined (0 events):
No events

Internal exceptions (20 events):
Event: 1.493 Thread 0x000001e87f64e000 Exception <a 'java/lang/ClassNotFoundException'{0x0000000711fadef8}: org/springframework/core/OrderedCustomizer> (0x0000000711fadef8) 
thrown [s\open\src\hotspot\share\classfile\systemDictionary.cpp, line 255]
Event: 1.493 Thread 0x000001e87f64e000 Exception <a 'java/lang/ClassNotFoundException'{0x0000000711fb26a8}: org/springframework/context/ResourceLoaderAwareCustomizer> (0x0000000711fb26a8) 
thrown [s\open\src\hotspot\share\classfile\systemDictionary.cpp, line 255]
Event: 1.494 Thread 0x000001e87f64e000 Exception <a 'java/lang/ClassNotFoundException'{0x0000000711fb6fa0}: org/springframework/beans/factory/AwareCustomizer> (0x0000000711fb6fa0) 
thrown [s\open\src\hotspot\share\classfile\systemDictionary.cpp, line 255]
Event: 1.494 Thread 0x000001e87f64e000 Exception <a 'java/lang/ClassNotFoundException'{0x0000000711fba8d8}: org/springframework/context/ApplicationStartupAwareCustomizer> (0x0000000711fba8d8) 
thrown [s\open\src\hotspot\share\classfile\systemDictionary.cpp, line 255]
Event: 1.495 Thread 0x000001e87f64e000 Exception <a 'java/lang/ClassNotFoundException'{0x0000000711fbf458}: org/springframework/beans/factory/AwareCustomizer> (0x0000000711fbf458) 
thrown [s\open\src\hotspot\share\classfile\systemDictionary.cpp, line 255]
Event: 1.495 Thread 0x000001e87f64e000 Exception <a 'java/lang/ClassNotFoundException'{0x0000000711fc2da0}: org/springframework/beans/factory/BeanClassLoaderAwareCustomizer> (0x0000000711fc2da0) 
thrown [s\open\src\hotspot\share\classfile\systemDictionary.cpp, line 255]
Event: 1.496 Thread 0x000001e87f64e000 Exception <a 'java/lang/ClassNotFoundException'{0x0000000711fc7680}: org/springframework/beans/factory/AwareCustomizer> (0x0000000711fc7680) 
thrown [s\open\src\hotspot\share\classfile\systemDictionary.cpp, line 255]
Event: 1.496 Thread 0x000001e87f64e000 Exception <a 'java/lang/ClassNotFoundException'{0x0000000711fcada0}: org/springframework/context/EnvironmentAwareCustomizer> (0x0000000711fcada0) 
thrown [s\open\src\hotspot\share\classfile\systemDictionary.cpp, line 255]
Event: 1.496 Thread 0x000001e87f64e000 Exception <a 'java/lang/ClassNotFoundException'{0x0000000711fcf618}: org/springframework/beans/factory/AwareCustomizer> (0x0000000711fcf618) 
thrown [s\open\src\hotspot\share\classfile\systemDictionary.cpp, line 255]
Event: 1.519 Thread 0x000001e87f64e000 Exception <a 'java/lang/NoSuchMethodError'{0x0000000711db3fd8}: 'java.lang.Object java.lang.invoke.DirectMethodHandle$Holder.invokeVirtual(java.lang.Object, java.lang.Object, java.lang.Object)'> (0x0000000711db3fd8) 
thrown [s\open\src\hotspot\share\interpreter\linkResolver.cpp, line 774]
Event: 1.631 Thread 0x000001e81a670e80 Exception <a 'java/lang/NoSuchMethodError'{0x00000007117e5810}: 'java.lang.Object java.lang.invoke.DirectMethodHandle$Holder.invokeStaticInit(java.lang.Object, java.lang.Object, java.lang.Object)'> (0x00000007117e5810) 
thrown [s\open\src\hotspot\share\interpreter\linkResolver.cpp, line 774]
Event: 1.632 Thread 0x000001e81a670e80 Exception <a 'java/lang/NoSuchMethodError'{0x00000007117eb740}: 'java.lang.Object java.lang.invoke.DirectMethodHandle$Holder.invokeStaticInit(java.lang.Object, java.lang.Object, java.lang.Object, java.lang.Object, java.lang.Object)'> (0x00000007117eb740) 
thrown [s\open\src\hotspot\share\interpreter\linkResolver.cpp, line 774]
Event: 1.942 Thread 0x000001e87f64e000 Exception <a 'java/lang/IncompatibleClassChangeError'{0x000000070ff48678}: Found class java.lang.Object, but interface was expected> (0x000000070ff48678) 
thrown [s\open\src\hotspot\share\interpreter\linkResolver.cpp, line 841]
Event: 1.964 Thread 0x000001e81a670e80 Exception <a 'java/lang/NoSuchMethodError'{0x000000070fcf1020}: 'long java.lang.invoke.DirectMethodHandle$Holder.invokeSpecial(java.lang.Object, java.lang.Object)'> (0x000000070fcf1020) 
thrown [s\open\src\hotspot\share\interpreter\linkResolver.cpp, line 774]
Event: 1.966 Thread 0x000001e81a670e80 Exception <a 'java/lang/NoSuchMethodError'{0x000000070fcfc310}: 'long java.lang.invoke.DirectMethodHandle$Holder.invokeStatic(java.lang.Object, java.lang.Object)'> (0x000000070fcfc310) 
thrown [s\open\src\hotspot\share\interpreter\linkResolver.cpp, line 774]
Event: 1.967 Thread 0x000001e81a670e80 Exception <a 'java/lang/NoSuchMethodError'{0x000000070fcff918}: 'long java.lang.invoke.DirectMethodHandle$Holder.invokeStaticInit(java.lang.Object, java.lang.Object)'> (0x000000070fcff918) 
thrown [s\open\src\hotspot\share\interpreter\linkResolver.cpp, line 774]
Event: 1.970 Thread 0x000001e81a670e80 Exception <a 'java/lang/NoSuchMethodError'{0x000000070fd0d928}: 'long java.lang.invoke.DirectMethodHandle$Holder.invokeInterface(java.lang.Object, java.lang.Object)'> (0x000000070fd0d928) 
thrown [s\open\src\hotspot\share\interpreter\linkResolver.cpp, line 774]
Event: 1.970 Thread 0x000001e81a670e80 Exception <a 'java/lang/IncompatibleClassChangeError'{0x000000070fd11118}: Found class java.lang.Object, but interface was expected> (0x000000070fd11118) 
thrown [s\open\src\hotspot\share\interpreter\linkResolver.cpp, line 841]
Event: 1.989 Thread 0x000001e81a670e80 Exception <a 'java/lang/NoSuchMethodError'{0x000000070fa01768}: 'java.lang.Object java.lang.invoke.DirectMethodHandle$Holder.invokeVirtual(java.lang.Object, java.lang.Object, java.lang.Object, java.lang.Object)'> (0x000000070fa01768) 
thrown [s\open\src\hotspot\share\interpreter\linkResolver.cpp, line 774]
Event: 1.994 Thread 0x000001e87f64e000 Exception <a 'java/lang/NoSuchMethodError'{0x000000070fde3f30}: 'void java.lang.invoke.DirectMethodHandle$Holder.invokeInterface(java.lang.Object, java.lang.Object, java.lang.Object, java.lang.Object)'> (0x000000070fde3f30) 
thrown [s\open\src\hotspot\share\interpreter\linkResolver.cpp, line 774]

VM Operations (20 events):
Event: 0.839 Executing VM operation: HandshakeAllThreads
Event: 0.839 Executing VM operation: HandshakeAllThreads done
Event: 1.047 Executing VM operation: HandshakeAllThreads
Event: 1.048 Executing VM operation: HandshakeAllThreads done
Event: 1.298 Executing VM operation: ICBufferFull
Event: 1.299 Executing VM operation: ICBufferFull done
Event: 1.399 Executing VM operation: HandshakeAllThreads
Event: 1.400 Executing VM operation: HandshakeAllThreads done
Event: 1.406 Executing VM operation: G1CollectForAllocation
Event: 1.412 Executing VM operation: G1CollectForAllocation done
Event: 1.412 Executing VM operation: HandshakeAllThreads
Event: 1.413 Executing VM operation: HandshakeAllThreads done
Event: 1.425 Executing VM operation: HandshakeAllThreads
Event: 1.425 Executing VM operation: HandshakeAllThreads done
Event: 1.449 Executing VM operation: HandshakeAllThreads
Event: 1.449 Executing VM operation: HandshakeAllThreads done
Event: 1.510 Executing VM operation: HandshakeAllThreads
Event: 1.510 Executing VM operation: HandshakeAllThreads done
Event: 1.824 Executing VM operation: ICBufferFull
Event: 1.824 Executing VM operation: ICBufferFull done

Events (20 events):
Event: 0.049 Thread 0x000001e87f6488f0 Thread added: 0x000001e87f6488f0
Event: 0.050 Thread 0x000001e87f64f640 Thread added: 0x000001e87f64f640
Event: 0.050 Thread 0x000001e87f64eb20 Thread added: 0x000001e87f64eb20
Event: 0.050 Thread 0x000001e87f64fbd0 Thread added: 0x000001e87f64fbd0
Event: 0.050 Thread 0x000001e87f64f0b0 Thread added: 0x000001e87f64f0b0
Event: 0.050 Thread 0x000001e87f66a230 Thread added: 0x000001e87f66a230
Event: 0.051 Thread 0x000001e87f66cc90 Thread added: 0x000001e87f66cc90
Event: 0.051 Thread 0x000001e87f674c70 Thread added: 0x000001e87f674c70
Event: 0.221 Thread 0x000001e87f650c80 Thread added: 0x000001e87f650c80
Event: 0.228 Thread 0x000001e87f650160 Thread added: 0x000001e87f650160
Event: 0.283 Thread 0x000001e819152fb0 Thread added: 0x000001e819152fb0
Event: 0.749 Thread 0x000001e87f651210 Thread added: 0x000001e87f651210
Event: 0.755 Thread 0x000001e87f64e000 Thread added: 0x000001e87f64e000
Event: 0.840 Thread 0x000001e81a4ac8f0 Thread added: 0x000001e81a4ac8f0
Event: 0.990 Thread 0x000001e81a4ac8f0 Thread exited: 0x000001e81a4ac8f0
Event: 1.193 Thread 0x000001e81a670e80 Thread added: 0x000001e81a670e80
Event: 1.757 Thread 0x000001e81aa2fbc0 Thread added: 0x000001e81aa2fbc0
Event: 1.807 Thread 0x000001e81a6724c0 Thread added: 0x000001e81a6724c0
Event: 1.929 Thread 0x000001e81a6724c0 Thread exited: 0x000001e81a6724c0
Event: 1.996 Thread 0x000001e81a670e80 Thread exited: 0x000001e81a670e80


Dynamic libraries:
0x00007ff7212a0000 - 0x00007ff7212b0000 	C:\Program Files\Java\jdk-19\bin\javaw.exe
0x00007fff10190000 - 0x00007fff103a4000 	C:\WINDOWS\SYSTEM32\ntdll.dll
0x00007fff0f8e0000 - 0x00007fff0f9a3000 	C:\WINDOWS\System32\KERNEL32.DLL
0x00007fff0db40000 - 0x00007fff0dedd000 	C:\WINDOWS\System32\KERNELBASE.dll
0x00007fff0a3a0000 - 0x00007fff0a437000 	C:\WINDOWS\SYSTEM32\apphelp.dll
0x00007ffe61ce0000 - 0x00007ffe6217e000 	C:\WINDOWS\SYSTEM32\AcLayers.DLL
0x00007fff0ed00000 - 0x00007fff0eda7000 	C:\WINDOWS\System32\msvcrt.dll
0x00007fff0f780000 - 0x00007fff0f7de000 	C:\WINDOWS\System32\SHLWAPI.dll
0x00007fff0a2e0000 - 0x00007fff0a2f4000 	C:\WINDOWS\SYSTEM32\SortWindows61.dll
0x00007fff0d5b0000 - 0x00007fff0d6c1000 	C:\WINDOWS\System32\ucrtbase.dll
0x00007fff0a370000 - 0x00007fff0a388000 	C:\Program Files\Java\jdk-19\bin\jli.dll
0x00007ffef8060000 - 0x00007ffef807b000 	C:\Program Files\Java\jdk-19\bin\VCRUNTIME140.dll
0x00007fff0fb30000 - 0x00007fff0fbde000 	C:\WINDOWS\System32\ADVAPI32.dll
0x00007fff100a0000 - 0x00007fff10144000 	C:\WINDOWS\System32\sechost.dll
0x00007fff0e760000 - 0x00007fff0e875000 	C:\WINDOWS\System32\RPCRT4.dll
0x00007fff0e5a0000 - 0x00007fff0e74d000 	C:\WINDOWS\System32\USER32.dll
0x00007ffee9680000 - 0x00007ffee990e000 	C:\WINDOWS\WinSxS\amd64_microsoft.windows.common-controls_6595b64144ccf1df_6.0.22621.608_none_a9444ca7c10bb01d\COMCTL32.dll
0x00007fff0da90000 - 0x00007fff0dab6000 	C:\WINDOWS\System32\win32u.dll
0x00007fff0fee0000 - 0x00007fff0ff09000 	C:\WINDOWS\System32\GDI32.dll
0x00007fff0d740000 - 0x00007fff0d852000 	C:\WINDOWS\System32\gdi32full.dll
0x00007ffefcfb0000 - 0x00007ffefcfba000 	C:\WINDOWS\SYSTEM32\VERSION.dll
0x00007fff0dee0000 - 0x00007fff0df7a000 	C:\WINDOWS\System32\msvcp_win.dll
0x00007fff0fd80000 - 0x00007fff0fdb2000 	C:\WINDOWS\System32\IMM32.DLL
0x00007fff04030000 - 0x00007fff0403c000 	C:\Program Files\Java\jdk-19\bin\vcruntime140_1.dll
0x00007ffef7ed0000 - 0x00007ffef7f5e000 	C:\Program Files\Java\jdk-19\bin\msvcp140.dll
0x00007ffe556c0000 - 0x00007ffe56380000 	C:\Program Files\Java\jdk-19\bin\server\jvm.dll
0x00007ffed70b0000 - 0x00007ffed70b9000 	C:\WINDOWS\SYSTEM32\WSOCK32.dll
0x00007fff00aa0000 - 0x00007fff00ad4000 	C:\WINDOWS\SYSTEM32\WINMM.dll
0x00007fff0e400000 - 0x00007fff0e471000 	C:\WINDOWS\System32\WS2_32.dll
0x00007fff0c4e0000 - 0x00007fff0c4f8000 	C:\WINDOWS\SYSTEM32\kernel.appcore.dll
0x00007fff03fd0000 - 0x00007fff03fda000 	C:\Program Files\Java\jdk-19\bin\jimage.dll
0x00007fff0acb0000 - 0x00007fff0aede000 	C:\WINDOWS\SYSTEM32\DBGHELP.DLL
0x00007fff0e890000 - 0x00007fff0ec1a000 	C:\WINDOWS\System32\combase.dll
0x00007fff0ec20000 - 0x00007fff0ecf7000 	C:\WINDOWS\System32\OLEAUT32.dll
0x00007ffef2020000 - 0x00007ffef2052000 	C:\WINDOWS\SYSTEM32\dbgcore.DLL
0x00007fff0dac0000 - 0x00007fff0db3b000 	C:\WINDOWS\System32\bcryptPrimitives.dll
0x00007fff012a0000 - 0x00007fff012c6000 	C:\Program Files\Java\jdk-19\bin\java.dll
0x00007ffef66f0000 - 0x00007ffef67c7000 	C:\Program Files\Java\jdk-19\bin\jsvml.dll
0x00007fff0edd0000 - 0x00007fff0f5bf000 	C:\WINDOWS\System32\SHELL32.dll
0x00007fff0b4a0000 - 0x00007fff0bd68000 	C:\WINDOWS\SYSTEM32\windows.storage.dll
0x00007fff0b360000 - 0x00007fff0b49e000 	C:\WINDOWS\SYSTEM32\wintypes.dll
0x00007fff0f7e0000 - 0x00007fff0f8d1000 	C:\WINDOWS\System32\SHCORE.dll
0x00007fff0d4e0000 - 0x00007fff0d501000 	C:\WINDOWS\SYSTEM32\profapi.dll
0x00007fff03f00000 - 0x00007fff03f13000 	C:\Program Files\Java\jdk-19\bin\net.dll
0x00007fff0c500000 - 0x00007fff0c62f000 	C:\WINDOWS\SYSTEM32\WINHTTP.dll
0x00007fff0ca70000 - 0x00007fff0cad9000 	C:\WINDOWS\system32\mswsock.dll
0x00007fff01550000 - 0x00007fff01566000 	C:\Program Files\Java\jdk-19\bin\nio.dll
0x00007fff01310000 - 0x00007fff01328000 	C:\Program Files\Java\jdk-19\bin\zip.dll
0x00007fff01290000 - 0x00007fff012a0000 	C:\Program Files\Java\jdk-19\bin\verify.dll
0x00007fff03db0000 - 0x00007fff03dba000 	C:\Program Files\Java\jdk-19\bin\management.dll
0x00007fff004e0000 - 0x00007fff004eb000 	C:\Program Files\Java\jdk-19\bin\management_ext.dll
0x00007fff0e880000 - 0x00007fff0e888000 	C:\WINDOWS\System32\PSAPI.DLL
0x00007ffee3780000 - 0x00007ffee3797000 	C:\WINDOWS\system32\napinsp.dll
0x00007ffee3760000 - 0x00007ffee377b000 	C:\WINDOWS\system32\pnrpnsp.dll
0x00007fff0c030000 - 0x00007fff0c122000 	C:\WINDOWS\SYSTEM32\DNSAPI.dll
0x00007fff0bfc0000 - 0x00007fff0bfed000 	C:\WINDOWS\SYSTEM32\IPHLPAPI.DLL
0x00007fff0fab0000 - 0x00007fff0fab9000 	C:\WINDOWS\System32\NSI.dll
0x00007ffedf810000 - 0x00007ffedf821000 	C:\WINDOWS\System32\winrnr.dll
0x00007ffeff980000 - 0x00007ffeff995000 	C:\WINDOWS\system32\wshbth.dll
0x00007ffedf7e0000 - 0x00007ffedf801000 	C:\WINDOWS\system32\nlansp_c.dll
0x00007ffef8970000 - 0x00007ffef897a000 	C:\Windows\System32\rasadhlp.dll
0x00007ffefefb0000 - 0x00007ffeff033000 	C:\WINDOWS\System32\fwpuclnt.dll

dbghelp: loaded successfully - version: 4.0.5 - missing functions: none
symbol engine: initialized successfully - sym options: 0x614 - pdb path: .;C:\Program Files\Java\jdk-19\bin;C:\WINDOWS\SYSTEM32;C:\WINDOWS\WinSxS\amd64_microsoft.windows.common-controls_6595b64144ccf1df_6.0.22621.608_none_a9444ca7c10bb01d;C:\Program Files\Java\jdk-19\bin\server

VM Arguments:
jvm_args: -Dfile.encoding=UTF-8 -XX:+ShowCodeDetailsInExceptionMessages 
java_command: com.backend.project.BackendStandarSpringBootApiRestApplication
java_class_path (initial): C:\Users\IvanDavidCarmona\eclipse-workspace\backend-standar-spring-boot-api-rest\target\classes;C:\Users\IvanDavidCarmona\.m2\repository\org\springframework\boot\spring-boot-starter-data-jpa\2.6.4\spring-boot-starter-data-jpa-2.6.4.jar;C:\Users\IvanDavidCarmona\.m2\repository\org\springframework\boot\spring-boot-starter-aop\2.6.4\spring-boot-starter-aop-2.6.4.jar;C:\Users\IvanDavidCarmona\.m2\repository\org\aspectj\aspectjweaver\1.9.7\aspectjweaver-1.9.7.jar;C:\Users\IvanDavidCarmona\.m2\repository\org\springframework\boot\spring-boot-starter-jdbc\2.6.4\spring-boot-starter-jdbc-2.6.4.jar;C:\Users\IvanDavidCarmona\.m2\repository\com\zaxxer\HikariCP\4.0.3\HikariCP-4.0.3.jar;C:\Users\IvanDavidCarmona\.m2\repository\org\springframework\spring-jdbc\5.3.16\spring-jdbc-5.3.16.jar;C:\Users\IvanDavidCarmona\.m2\repository\jakarta\transaction\jakarta.transaction-api\1.3.3\jakarta.transaction-api-1.3.3.jar;C:\Users\IvanDavidCarmona\.m2\repository\jakarta\persistence\jakarta.persistence-api\2.2.3\jakarta.persistence-api-2.2.3.jar;C:\Users\IvanDavidCarmona\.m2\repository\org\hibernate\hibernate-core\5.6.5.Final\hibernate-core-5.6.5.Final.jar;C:\Users\IvanDavidCarmona\.m2\repository\org\jboss\logging\jboss-logging\3.4.3.Final\jboss-logging-3.4.3.Final.jar;C:\Users\IvanDavidCarmona\.m2\repository\net\bytebuddy\byte-buddy\1.11.22\byte-buddy-1.11.22.jar;C:\Users\IvanDavidCarmona\.m2\repository\antlr\antlr\2.7.7\antlr-2.7.7.jar;C:\Users\IvanDavidCarmona\.m2\repository\org\jboss\jandex\2.4.2.Final\jandex-2.4.2.Final.jar;C:\Users\IvanDavidCarmona\.m2\repository\com\fasterxml\classmate\1.5.1\classmate-1.5.1.jar;C:\Users\IvanDavidCarmona\.m2\repository\org\hibernate\common\hibernate-commons-annotations\5.1.2.Final\hibernate-commons-annotations-5.1.2.Final.jar;C:\Users\IvanDavidCarmona\.m2\repository\org\glassfish\jaxb\jaxb-runtime\2.3.6\jaxb-runtime-2.3.6.jar;C:\Users\IvanDavidCarmona\.m2\repository\org\glassfish\jaxb\txw2\2.3.6\txw2-2.3.6.jar;C:\Users\IvanDavidCarmona\.m2\repository\com\sun\istack\istack-commons-runtime\3.0.12\istack-commons-runtime-3.0.12.jar;C:\Users\IvanDavidCarmona\.m2\repository\org\springframework\data\spring-data-jpa\2.6.2\spring-data-jpa-2.6.2.jar;C:\Users\IvanDavidCarmona\.m2\repository\org\springframework\data\spring-data-commons\2.6.2\spring-data-commons-2.6.2.jar;C:\Users\IvanDavidCarmona\.m2\repository\org\springframework\spring-orm\5.3.16\spring-orm-5.3.16.jar;C:\Users\IvanDavidCarmona\.m2\repository\org\springframework\spring-context\5.3.16\spring-context-5.3.16.jar;C:\Users\IvanDavidCarmona\.m2\repository\org\springframework\spring-tx\5.3.16\spring-tx-5.3.16.jar;C:\Users\IvanDavidCarmona\.m2\repository\org\springframework\spring-beans\5.3.16\spring-beans-5.3.16.jar;C:\Users\IvanDavidCarmona\.m2\repository\org\slf4j\slf4j-api\1.7.36\slf4j-api-1.7.36.jar;C:\Users\IvanDavidCarmona\.m2\repository\org\springframework\spring-aspects\5.3.16\spring-aspects-5.3.16.jar;C:\Users\IvanDavidCarmona\.m2\repository\org\springframework\boot\spring-boot-starter-validation\2.6.4\spring-boot-starter-validation-2.6.4.jar;C:\Users\IvanDavidCarmona\.m2\repository\org\springframework\boot\spring-boot-starter\2.6.4\spring-boot-starter-2.6.4.jar;C:\Users\IvanDavidCarmona\.m2\repository\org\springframework\boot\spring-boot-starter-logging\2.6.4\spring-boot-starter-logging-2.6.4.jar;C:\Users\IvanDavidCarmona\.m2\repository\ch\qos\logback\logback-classic\1.2.10\logback-classic-1.2.10.jar;C:\Users\IvanDavidCarmona\.m2\repository\ch\qos\logback\logback-core\1.2.10\logback-core-1.2.10.jar;C:\Users\IvanDavidCarmona\.m2\repository\org\apache\logging\log4j\log4j-to-slf4j\2.17.1\log4j-to-slf4j-2.17.1.jar;C:\Users\IvanDavidCarmona\.m2\repository\org\apache\logging\log4j\log4j-api\2.17.1\log4j-api-2.17.1.jar;C:\Users\IvanDavidCarmona\.m2\repository\org\slf4j\jul-to-slf4j\1.7.36\jul-to-slf4j-1.7.36.jar;C:\Users\IvanDavidCarmona\.m2\repository\org\yaml\snakeyaml\1.29\snakeyaml-1.29.jar;C:\Users\IvanDavidCarmona\.m2\repository\org\apache\tomcat\embed\tomcat-embed-el\9.0.58\tomcat-embed-el-9.0.58.jar;C:\Users\IvanDavidCarmona\.m2\repository\org\hibernate\validator\hibernate-validator\6.2.2.Final\hibernate-validator-6.2.2.Final.jar;C:\Users\IvanDavidCarmona\.m2\repository\jakarta\validation\jakarta.validation-api\2.0.2\jakarta.validation-api-2.0.2.jar;C:\Users\IvanDavidCarmona\.m2\repository\org\springframework\boot\spring-boot-starter-web\2.6.4\spring-boot-starter-web-2.6.4.jar;C:\Users\IvanDavidCarmona\.m2\repository\org\springframework\boot\spring-boot-starter-json\2.6.4\spring-boot-starter-json-2.6.4.jar;C:\Users\IvanDavidCarmona\.m2\repository\com\fasterxml\jackson\datatype\jackson-datatype-jdk8\2.13.1\jackson-datatype-jdk8-2.13.1.jar;C:\Users\IvanDavidCarmona\.m2\repository\com\fasterxml\jackson\datatype\jackson-datatype-jsr310\2.13.1\jackson-datatype-jsr310-2.13.1.jar;C:\Users\IvanDavidCarmona\.m2\repository\com\fasterxml\jackson\module\jackson-module-parameter-names\2.13.1\jackson-module-parameter-names-2.13.1.jar;C:\Users\IvanDavidCarmona\.m2\repository\org\springframework\spring-web\5.3.16\spring-web-5.3.16.jar;C:\Users\IvanDavidCarmona\.m2\repository\org\springframework\spring-webmvc\5.3.16\spring-webmvc-5.3.16.jar;C:\Users\IvanDavidCarmona\.m2\repository\org\springframework\spring-expression\5.3.16\spring-expression-5.3.16.jar;C:\Users\IvanDavidCarmona\.m2\repository\org\springframework\boot\spring-boot-starter-tomcat\2.6.4\spring-boot-starter-tomcat-2.6.4.jar;C:\Users\IvanDavidCarmona\.m2\repository\jakarta\annotation\jakarta.annotation-api\1.3.5\jakarta.annotation-api-1.3.5.jar;C:\Users\IvanDavidCarmona\.m2\repository\org\apache\tomcat\embed\tomcat-embed-core\9.0.58\tomcat-embed-core-9.0.58.jar;C:\Users\IvanDavidCarmona\.m2\repository\org\apache\tomcat\embed\tomcat-embed-websocket\9.0.58\tomcat-embed-websocket-9.0.58.jar;C:\Users\IvanDavidCarmona\.m2\repository\org\springframework\boot\spring-boot-devtools\2.6.4\spring-boot-devtools-2.6.4.jar;C:\Users\IvanDavidCarmona\.m2\repository\org\springframework\boot\spring-boot\2.6.4\spring-boot-2.6.4.jar;C:\Users\IvanDavidCarmona\.m2\repository\org\springframework\boot\spring-boot-autoconfigure\2.6.4\spring-boot-autoconfigure-2.6.4.jar;C:\Users\IvanDavidCarmona\.m2\repository\mysql\mysql-connector-java\8.0.28\mysql-connector-java-8.0.28.jar;C:\Users\IvanDavidCarmona\.m2\repository\jakarta\xml\bind\jakarta.xml.bind-api\2.3.3\jakarta.xml.bind-api-2.3.3.jar;C:\Users\IvanDavidCarmona\.m2\repository\jakarta\activation\jakarta.activation-api\1.2.2\jakarta.activation-api-1.2.2.jar;C:\Users\IvanDavidCarmona\.m2\repository\org\springframework\spring-core\5.3.16\spring-core-5.3.16.jar;C:\Users\IvanDavidCarmona\.m2\repository\org\springframework\spring-jcl\5.3.16\spring-jcl-5.3.16.jar;C:\Users\IvanDavidCarmona\.m2\repository\org\modelmapper\modelmapper\3.1.0\modelmapper-3.1.0.jar;C:\Users\IvanDavidCarmona\.m2\repository\org\springframework\boot\spring-boot-starter-security\2.6.4\spring-boot-starter-security-2.6.4.jar;C:\Users\IvanDavidCarmona\.m2\repository\org\springframework\spring-aop\5.3.16\spring-aop-5.3.16.jar;C:\Users\IvanDavidCarmona\.m2\repository\org\springframework\security\spring-security-config\5.6.2\spring-security-config-5.6.2.jar;C:\Users\IvanDavidCarmona\.m2\repository\org\springframework\security\spring-security-web\5.6.2\spring-security-web-5.6.2.jar;C:\Users\IvanDavidCarmona\.m2\repository\org\springframework\security\spring-security-core\5.6.2\spring-security-core-5.6.2.jar;C:\Users\IvanDavidCarmona\.m2\repository\org\springframework\security\spring-security-crypto\5.6.2\spring-security-crypto-5.6.2.jar;C:\Users\IvanDavidCarmona\.m2\repository\io\jsonwebtoken\jjwt\0.9.1\jjwt-0.9.1.jar;C:\Users\IvanDavidCarmona\.m2\repository\com\fasterxml\jackson\core\jackson-databind\2.13.1\jackson-databind-2.13.1.jar;C:\Users\IvanDavidCarmona\.m2\repository\com\fasterxml\jackson\core\jackson-annotations\2.13.1\jackson-annotations-2.13.1.jar;C:\Users\IvanDavidCarmona\.m2\repository\com\fasterxml\jackson\core\jackson-core\2.13.1\jackson-core-2.13.1.jar;C:\Users\IvanDavidCarmona\.m2\repository\org\flywaydb\flyway-core\8.0.5\flyway-core-8.0.5.jar;C:\Users\IvanDavidCarmona\.m2\repository\commons-fileupload\commons-fileupload\1.4\commons-fileupload-1.4.jar;C:\Users\IvanDavidCarmona\.m2\repository\commons-io\commons-io\2.6\commons-io-2.6.jar;C:\Users\IvanDavidCarmona\.m2\repository\org\springframework\boot\spring-boot-starter-mail\2.6.4\spring-boot-starter-mail-2.6.4.jar;C:\Users\IvanDavidCarmona\.m2\repository\org\springframework\spring-context-support\5.3.16\spring-context-support-5.3.16.jar;C:\Users\IvanDavidCarmona\.m2\repository\com\sun\mail\jakarta.mail\1.6.7\jakarta.mail-1.6.7.jar;C:\Users\IvanDavidCarmona\.m2\repository\com\sun\activation\jakarta.activation\1.2.2\jakarta.activation-1.2.2.jar
Launcher Type: SUN_STANDARD

[Global flags]
     intx CICompilerCount                          = 4                                         {product} {ergonomic}
     uint ConcGCThreads                            = 2                                         {product} {ergonomic}
     uint G1ConcRefinementThreads                  = 8                                         {product} {ergonomic}
   size_t G1HeapRegionSize                         = 2097152                                   {product} {ergonomic}
    uintx GCDrainStackTargetSize                   = 64                                        {product} {ergonomic}
   size_t InitialHeapSize                          = 266338304                                 {product} {ergonomic}
   size_t MarkStackSize                            = 4194304                                   {product} {ergonomic}
   size_t MaxHeapSize                              = 4255121408                                {product} {ergonomic}
   size_t MaxNewSize                               = 2552233984                                {product} {ergonomic}
   size_t MinHeapDeltaBytes                        = 2097152                                   {product} {ergonomic}
   size_t MinHeapSize                              = 8388608                                   {product} {ergonomic}
    uintx NonNMethodCodeHeapSize                   = 5839372                                {pd product} {ergonomic}
    uintx NonProfiledCodeHeapSize                  = 122909434                              {pd product} {ergonomic}
    uintx ProfiledCodeHeapSize                     = 122909434                              {pd product} {ergonomic}
    uintx ReservedCodeCacheSize                    = 251658240                              {pd product} {ergonomic}
     bool SegmentedCodeCache                       = true                                      {product} {ergonomic}
     bool ShowCodeDetailsInExceptionMessages       = true                                   {manageable} {command line}
   size_t SoftMaxHeapSize                          = 4255121408                             {manageable} {ergonomic}
     bool UseCompressedClassPointers               = true                           {product lp64_product} {ergonomic}
     bool UseCompressedOops                        = true                           {product lp64_product} {ergonomic}
     bool UseG1GC                                  = true                                      {product} {ergonomic}
     bool UseLargePagesIndividualAllocation        = false                                  {pd product} {ergonomic}

Logging:
Log output configuration:
 #0: stdout all=warning uptime,level,tags foldmultilines=false
 #1: stderr all=off uptime,level,tags foldmultilines=false

Environment Variables:
PATH=C:/Program Files/Java/jdk-19/bin/server;C:/Program Files/Java/jdk-19/bin;C:\Program Files\Microsoft\jdk-11.0.12.7-hotspot\bin;C:\Program Files\Common Files\Oracle\Java\javapath;C:\WINDOWS\system32;C:\WINDOWS;C:\WINDOWS\System32\Wbem;C:\WINDOWS\System32\WindowsPowerShell\v1.0\;C:\WINDOWS\System32\OpenSSH\;C:\Program Files\nodejs\;C:\Program Files\Git\cmd;C:\Program Files\AutoFirma\AutoFirma;C:\Program Files\apache-maven-3.8.6\bin;C:\Program Files\PuTTY\;C:\Program Files\Microsoft SQL Server\150\Tools\Binn\;C:\Program Files\Microsoft SQL Server\Client SDK\ODBC\170\Tools\Binn\;C:\Program Files\dotnet\;C:\Program Files\Azure Data Studio\bin;C:\Program Files (x86)\Microsoft SQL Server\160\Tools\Binn\;C:\Program Files\Microsoft SQL Server\160\Tools\Binn\;C:\Program Files\Microsoft SQL Server\160\DTS\Binn\;C:\Users\IvanDavidCarmona\AppData\Local\Microsoft\WindowsApps;C:\Users\IvanDavidCarmona\AppData\Roaming\npm;C:\Users\IvanDavidCarmona\AppData\Local\Programs\Microsoft VS Code\bin;C:\Users\IvanDavidCarmona\AppData\Local\GitHubDesktop\bin;C:\Users\IvanDavidCarmona\.dotnet\tools;C:\Program Files\Azure Data Studio\bin;C:\WINDOWS\system32;
USERNAME=IvanDavidCarmona
OS=Windows_NT
PROCESSOR_IDENTIFIER=Intel64 Family 6 Model 142 Stepping 10, GenuineIntel
TMP=C:\Users\IVANDA~1\AppData\Local\Temp
TEMP=C:\Users\IVANDA~1\AppData\Local\Temp



---------------  S Y S T E M  ---------------

OS:
 Windows 11 , 64 bit Build 22621 (10.0.22621.1105)
OS uptime: 0 days 15:27 hours
Hyper-V role detected

CPU: total 8 (initial active 8) (4 cores per cpu, 2 threads per core) family 6 model 142 stepping 10 microcode 0xf0, cx8, cmov, fxsr, ht, mmx, 3dnowpref, sse, sse2, sse3, ssse3, sse4.1, sse4.2, popcnt, lzcnt, tsc, tscinvbit, avx, avx2, aes, erms, clmul, bmi1, bmi2, adx, fma, vzeroupper, clflush, clflushopt, hv, rdtscp

Memory: 4k page, system-wide physical 16227M (4148M free)
TotalPageFile size 18915M (AvailPageFile size 2911M)
current process WorkingSet (physical memory assigned to process): 177M, peak: 177M
current process commit charge ("private bytes"): 422M, peak: 422M

vm_info: Java HotSpot(TM) 64-Bit Server VM (19+36-2238) for windows-amd64 JRE (19+36-2238), built on 2022-08-12T20:29:01Z by "mach5one" with MS VC++ 17.1 (VS2022)

END.
